<?xml version="1.0" encoding="UTF-8"?>
<!-- Generated by org.testng.reporters.JUnitReportReporter -->
<testsuite hostname="DESKTOP-OLGD41Q" failures="0" tests="3" name="quickstart.Tests.DemoTest" time="37.064" errors="0" timestamp="2023-01-13T15:02:14 IST" skipped="0">
  <testcase classname="quickstart.Tests.DemoTest" name="GoogleSearch_Facebook" time="16.765"/>
  <system-out/>
  <testcase classname="quickstart.Tests.DemoTest" name="GoogleSearch_LinkedIn" time="9.699"/>
  <system-out/>
  <testcase classname="quickstart.Tests.DemoTest" name="GoogleSearch_Twitter" time="10.600"/>
  <system-out/>
</testsuite> <!-- quickstart.Tests.DemoTest -->
